1501722119.517160 client started (48694): version 2.4, socket /private/tmp/tmux-503/default, protocol 8
1501722119.517208 on Darwin 16.7.0 Darwin Kernel Version 16.7.0: Thu Jun 15 17:36:27 PDT 2017; root:xnu-3789.70.16~2/RELEASE_X86_64; libevent 2.0.21-stable (select)
1501722119.517612 socket is /private/tmp/tmux-503/default
1501722119.517636 trying connect
1501722119.517753 add peer 0x7f86c7001000: 6 (0x0)
1501722119.531635 sending message 100 to peer 0x7f86c7001000 (4 bytes)
1501722119.531675 sending message 101 to peer 0x7f86c7001000 (7 bytes)
1501722119.531682 sending message 102 to peer 0x7f86c7001000 (13 bytes)
1501722119.531687 sending message 108 to peer 0x7f86c7001000 (54 bytes)
1501722119.531729 sending message 104 to peer 0x7f86c7001000 (0 bytes)
1501722119.531745 sending message 107 to peer 0x7f86c7001000 (4 bytes)
1501722119.531750 sending message 105 to peer 0x7f86c7001000 (28 bytes)
1501722119.531755 sending message 105 to peer 0x7f86c7001000 (12 bytes)
1501722119.531759 sending message 105 to peer 0x7f86c7001000 (16 bytes)
1501722119.531763 sending message 105 to peer 0x7f86c7001000 (11 bytes)
1501722119.531767 sending message 105 to peer 0x7f86c7001000 (57 bytes)
1501722119.531772 sending message 105 to peer 0x7f86c7001000 (76 bytes)
1501722119.531776 sending message 105 to peer 0x7f86c7001000 (29 bytes)
1501722119.531780 sending message 105 to peer 0x7f86c7001000 (53 bytes)
1501722119.531784 sending message 105 to peer 0x7f86c7001000 (10 bytes)
1501722119.531788 sending message 105 to peer 0x7f86c7001000 (66 bytes)
1501722119.531792 sending message 105 to peer 0x7f86c7001000 (38 bytes)
1501722119.531796 sending message 105 to peer 0x7f86c7001000 (41 bytes)
1501722119.531800 sending message 105 to peer 0x7f86c7001000 (32 bytes)
1501722119.531805 sending message 105 to peer 0x7f86c7001000 (106 bytes)
1501722119.531809 sending message 105 to peer 0x7f86c7001000 (58 bytes)
1501722119.531813 sending message 105 to peer 0x7f86c7001000 (17 bytes)
1501722119.531817 sending message 105 to peer 0x7f86c7001000 (14 bytes)
1501722119.531840 sending message 105 to peer 0x7f86c7001000 (13 bytes)
1501722119.531855 sending message 105 to peer 0x7f86c7001000 (58 bytes)
1501722119.531872 sending message 105 to peer 0x7f86c7001000 (19 bytes)
1501722119.531879 sending message 105 to peer 0x7f86c7001000 (8 bytes)
1501722119.531883 sending message 105 to peer 0x7f86c7001000 (17 bytes)
1501722119.531887 sending message 105 to peer 0x7f86c7001000 (13 bytes)
1501722119.531891 sending message 105 to peer 0x7f86c7001000 (75 bytes)
1501722119.531896 sending message 105 to peer 0x7f86c7001000 (22 bytes)
1501722119.531900 sending message 105 to peer 0x7f86c7001000 (35 bytes)
1501722119.531904 sending message 105 to peer 0x7f86c7001000 (17 bytes)
1501722119.531908 sending message 105 to peer 0x7f86c7001000 (15 bytes)
1501722119.531913 sending message 106 to peer 0x7f86c7001000 (0 bytes)
1501722119.531924 sending message 200 to peer 0x7f86c7001000 (4 bytes)
1501722119.531931 client loop enter
1501722119.532861 peer 0x7f86c7001000 message 211
1501722119.532895 peer 0x7f86c7001000 message 203
1501722119.532906 client loop exit
